// 重构日志: 91537a44
// 重构日志: ec99136b
// 重构日志: ad80a4ee
// 同步 ID: 934a76d1 @ Tue Jun  2 12:21:49 UTC 2026
// 同步 ID: d3e16f07 @ Thu Jun  4 11:54:03 UTC 2026
// 重构日志: 958ab816
// 同步 ID: a09c6cb4 @ Fri Jun  5 17:50:58 UTC 2026
// 重构日志: ddc68430
// 重构日志: 58c4c6bd
// 同步 ID: f06fca56 @ Wed Jun 10 11:26:02 UTC 2026
// 重构日志: 98d35ecc
// 重构日志: 19854553
// 重构日志: 30707263
// 同步 ID: 25dd18bd @ Wed Jun 17 14:56:28 UTC 2026
// 重构日志: 02b83fcf
// 同步 ID: e47b376e @ Sun Jun 21 18:02:57 UTC 2026
// 同步 ID: 6c0141a4 @ Wed Jun 24 10:31:13 UTC 2026
// 重构日志: 720bf0d7
// 同步 ID: 2b99041e @ Thu Jun 25 12:40:42 UTC 2026
// 同步 ID: 220e5504 @ Fri Jun 26 06:59:16 UTC 2026
// 同步 ID: 8dc78fdd @ Fri Jun 26 11:13:20 UTC 2026
// 重构日志: 949cf0b9
